[chirp] No condor_chirp :(

--- begin header output ---

OUTPUTDIR: /hadoop/cms/store/user/fsetti/nanoAOD_runII_UL/NMSSM_XYH_Y_tautau_H_gg_MX_400_MY_70_STEP2_v1/
OUTPUTNAME: output
INPUTFILENAMES: /hadoop/cms/store/user/fsetti/nanoAOD_runII_UL/NMSSM_XYH_Y_tautau_H_gg_MX_400_MY_70_STEP1_v1/output_1.root
IFILE: 1
PSET: pset.py
CMSSWVERSION: CMSSW_10_6_17_patch1
SCRAMARCH: slc7_amd64_gcc700
NEVTS: -1
EXPECTEDNEVTS: 0
OTHEROUTPUTS: None
PSETARGS: print
GLIDEIN_CMSSite: T2_US_UCSD
hostname: sdsc-35.t2.ucsd.edu
uname -a: Linux sdsc-35.t2.ucsd.edu 3.10.0-1160.11.1.el7.x86_64 #1 SMP Fri Dec 18 16:34:56 UTC 2020 x86_64 x86_64 x86_64 GNU/Linux
time: 1638472023
args: /hadoop/cms/store/user/fsetti/nanoAOD_runII_UL/NMSSM_XYH_Y_tautau_H_gg_MX_400_MY_70_STEP2_v1/ output /hadoop/cms/store/user/fsetti/nanoAOD_runII_UL/NMSSM_XYH_Y_tautau_H_gg_MX_400_MY_70_STEP1_v1/output_1.root 1 pset.py CMSSW_10_6_17_patch1 slc7_amd64_gcc700 -1 -1 0 None print
tag: v1
taskname: CMSSWTask_NMSSM_XYH_Y_tautau_H_gg_MX_400_MY_70_STEP2_v1

--- end header output ---

sourcing environment: source /cvmfs/oasis.opensciencegrid.org/cmssoft/cms/cmsset_default.sh
this is a selective cmssw tar file
>> Local Products Rules ..... started
>> Local Products Rules ..... done
>> Building CMSSW version CMSSW_10_6_17_patch1 ----
>> Subsystem BigProducts built
gmake[1]: Entering directory '/srv/CMSSW_10_6_17_patch1'
>> Local Products Rules ..... started
>> Local Products Rules ..... done
>> Creating project symlinks
>> Done python_symlink
>> Compiling python modules cfipython/slc7_amd64_gcc700
>> Compiling python modules python
>> All python modules compiled
>> Plugins of all types refreshed.
>> Done generating edm plugin poisoned information
gmake[1]: Leaving directory '/srv/CMSSW_10_6_17_patch1'
before running: ls -lrth
total 12K
drwxr-xr-x. 4 cuser2 cuser2 4.0K Sep 10  2020 config
-rw-rw-r--. 1 cuser2 cuser2 5.2K Dec  2 11:06 pset.py
drwxr-xr-x. 2 cuser2 cuser2    6 Dec  2 11:07 src
drwxr-xr-x. 3 cuser2 cuser2   31 Dec  2 11:07 test
drwxr-xr-x. 3 cuser2 cuser2   31 Dec  2 11:07 objs
drwxr-xr-x. 3 cuser2 cuser2   31 Dec  2 11:07 logs
drwxr-xr-x. 3 cuser2 cuser2   31 Dec  2 11:07 lib
drwxr-xr-x. 3 cuser2 cuser2   31 Dec  2 11:07 bin
drwxr-xr-x. 3 cuser2 cuser2   31 Dec  2 11:07 static
drwxr-xr-x. 2 cuser2 cuser2    6 Dec  2 11:07 include
drwxr-xr-x. 2 cuser2 cuser2    6 Dec  2 11:07 doc
drwxr-xr-x. 3 cuser2 cuser2   31 Dec  2 11:07 cfipython
drwxr-xr-x. 3 cuser2 cuser2   31 Dec  2 11:07 biglib
drwxrwxr-x. 3 cuser2 cuser2   31 Dec  2 11:07 external
drwxr-xr-x. 4 cuser2 cuser2   45 Dec  2 11:07 tmp
drwxr-xr-x. 2 cuser2 cuser2   25 Dec  2 11:07 python

--- begin running ---

[chirp] Chirped ChirpMetisExpectedNevents => 0 with exit code 0
[chirp] Chirped ChirpMetisStatus => before_cmsRun with exit code 0
At post, CPU service is NOT available.
[chirp] Chirped ChirpMetisStatus => after_cmsRun with exit code 0
after running: ls -lrth
total 2.5M
drwxr-xr-x. 4 cuser2 cuser2 4.0K Sep 10  2020 config
drwxr-xr-x. 2 cuser2 cuser2    6 Dec  2 11:07 src
drwxr-xr-x. 3 cuser2 cuser2   31 Dec  2 11:07 test
drwxr-xr-x. 3 cuser2 cuser2   31 Dec  2 11:07 objs
drwxr-xr-x. 3 cuser2 cuser2   31 Dec  2 11:07 logs
drwxr-xr-x. 3 cuser2 cuser2   31 Dec  2 11:07 lib
drwxr-xr-x. 3 cuser2 cuser2   31 Dec  2 11:07 bin
drwxr-xr-x. 3 cuser2 cuser2   31 Dec  2 11:07 static
drwxr-xr-x. 2 cuser2 cuser2    6 Dec  2 11:07 include
drwxr-xr-x. 2 cuser2 cuser2    6 Dec  2 11:07 doc
drwxr-xr-x. 3 cuser2 cuser2   31 Dec  2 11:07 cfipython
drwxr-xr-x. 3 cuser2 cuser2   31 Dec  2 11:07 biglib
drwxrwxr-x. 3 cuser2 cuser2   31 Dec  2 11:07 external
drwxr-xr-x. 4 cuser2 cuser2   45 Dec  2 11:07 tmp
drwxr-xr-x. 2 cuser2 cuser2   25 Dec  2 11:07 python
-rw-rw-r--. 1 cuser2 cuser2 5.5K Dec  2 11:07 pset.py
-rw-r--r--. 1 cuser2 cuser2 2.5M Dec  2 11:11 output.root
Writing metadata. Nevents = 5 (0 negative)
Collection name='UserInfo', class='TList', size=2
  TParameter<int>	nevts = 5
  TParameter<int>	nevts_neg = 0
[RSR] ntuple has 5 events and expected 0
[RSR] passed the rigorous sweeproot

--- end running ---


--- begin copying output ---

Sending output file output.root
time before copy: 1638472294
[chirp] Chirped ChirpMetisStatus => before_copy with exit code 0
Stageout attempt 1: env -i X509_USER_PROXY=/srv/x509up_u31704 gfal-copy -p -f -t 7200 --verbose --checksum ADLER32 file:///srv/CMSSW_10_6_17_patch1/output.root davs://redirector.t2.ucsd.edu:1094/store/user/fsetti/nanoAOD_runII_UL/NMSSM_XYH_Y_tautau_H_gg_MX_400_MY_70_STEP2_v1//output_1.root
Failed stageout attempt 1
Sleeping for 30m
Stageout attempt 2: env -i X509_USER_PROXY=/srv/x509up_u31704 gfal-copy -p -f -t 7200 --verbose --checksum ADLER32 file:///srv/CMSSW_10_6_17_patch1/output.root davs://redirector.t2.ucsd.edu:1094/store/user/fsetti/nanoAOD_runII_UL/NMSSM_XYH_Y_tautau_H_gg_MX_400_MY_70_STEP2_v1//output_1.root
Failed stageout attempt 2
Sleeping for 30m
Stageout attempt 3: env -i X509_USER_PROXY=/srv/x509up_u31704 gfal-copy -p -f -t 7200 --verbose --checksum ADLER32 file:///srv/CMSSW_10_6_17_patch1/output.root davs://redirector.t2.ucsd.edu:1094/store/user/fsetti/nanoAOD_runII_UL/NMSSM_XYH_Y_tautau_H_gg_MX_400_MY_70_STEP2_v1//output_1.root
Copying 2542258 bytes file:///srv/CMSSW_10_6_17_patch1/output.root => davs://redirector.t2.ucsd.edu:1094/store/user/fsetti/nanoAOD_runII_UL/NMSSM_XYH_Y_tautau_H_gg_MX_400_MY_70_STEP2_v1//output_1.root
event: [1638490361611] BOTH   GFAL2:CORE:COPY	LIST:ENTER	
event: [1638490361611] BOTH   GFAL2:CORE:COPY	LIST:ITEM	file:///srv/CMSSW_10_6_17_patch1/output.root => davs://redirector.t2.ucsd.edu:1094/store/user/fsetti/nanoAOD_runII_UL/NMSSM_XYH_Y_tautau_H_gg_MX_400_MY_70_STEP2_v1//output_1.root
event: [1638490361611] BOTH   GFAL2:CORE:COPY	LIST:EXIT	
event: [1638490361611] BOTH   http_plugin	PREPARE:ENTER	file:///srv/CMSSW_10_6_17_patch1/output.root => davs://redirector.t2.ucsd.edu:1094/store/user/fsetti/nanoAOD_runII_UL/NMSSM_XYH_Y_tautau_H_gg_MX_400_MY_70_STEP2_v1//output_1.root
event: [1638490361612] SOURCE http_plugin	CHECKSUM:ENTER	
event: [1638490361832] SOURCE http_plugin	CHECKSUM:EXIT	
event: [1638490362080] BOTH   http_plugin	PREPARE:EXIT	file:///srv/CMSSW_10_6_17_patch1/output.root => davs://redirector.t2.ucsd.edu:1094/store/user/fsetti/nanoAOD_runII_UL/NMSSM_XYH_Y_tautau_H_gg_MX_400_MY_70_STEP2_v1//output_1.root
event: [1638490362080] BOTH   http_plugin	TRANSFER:ENTER	file:///srv/CMSSW_10_6_17_patch1/output.root => davs://redirector.t2.ucsd.edu:1094/store/user/fsetti/nanoAOD_runII_UL/NMSSM_XYH_Y_tautau_H_gg_MX_400_MY_70_STEP2_v1//output_1.root
event: [1638490362080] BOTH   http_plugin	TRANSFER:TYPE	streamed
event: [1638490378273] BOTH   http_plugin	TRANSFER:EXIT	file:///srv/CMSSW_10_6_17_patch1/output.root => davs://redirector.t2.ucsd.edu:1094/store/user/fsetti/nanoAOD_runII_UL/NMSSM_XYH_Y_tautau_H_gg_MX_400_MY_70_STEP2_v1//output_1.root
event: [1638490378273] DEST   http_plugin	CHECKSUM:ENTER	
event: [1638490378354] DEST   http_plugin	CHECKSUM:EXIT	
Successful stageout with 2 retries

--- end copying output ---


--- begin dstat output ---


--- end dstat output ---

time at end: 1638490378
[chirp] Chirped ChirpMetisStatus => done with exit code 0
