WARNING  String '/execute/dir_' in X509_USER_CERT (/condor/condor_local/execute/dir_34599/glide_gjWkdF/hostcert.pem), the conversion to run in Singularity may be incorrect
WARNING  String '/execute/dir_' in X509_USER_KEY (/condor/condor_local/execute/dir_34599/glide_gjWkdF/hostkey.pem), the conversion to run in Singularity may be incorrect
WARNING  String '/execute/dir_' in _CONDOR_EXECUTE (/condor/condor_local/execute/dir_34599/glide_gjWkdF/execute), the conversion to run in Singularity may be incorrect
tar: package.tar.gz: Cannot open: No such file or directory
tar: Error is not recoverable: exiting now
WARNING: In non-interactive mode release checks e.g. deprecated releases, production architectures are disabled.
cp: cannot stat '/srv/CMSSW_10_6_17_patch1/src/ZZMatrixElement/MELA/data/slc7_amd64_gcc700/*.so': No such file or directory
02-Dec-2021 11:08:38 PST  Initiating request to open file /hadoop/cms/store/user/fsetti/nanoAOD_runII_UL/NMSSM_XYH_Y_tautau_H_gg_MX_400_MY_70_STEP1_v1/output_1.root
02-Dec-2021 11:08:41 PST  Successfully opened file /hadoop/cms/store/user/fsetti/nanoAOD_runII_UL/NMSSM_XYH_Y_tautau_H_gg_MX_400_MY_70_STEP1_v1/output_1.root
Begin processing the 1st record. Run 1, Event 1, LumiSection 1 on stream 0 at 02-Dec-2021 11:09:40.485 PST
02-Dec-2021 11:11:16 PST  Closed file /hadoop/cms/store/user/fsetti/nanoAOD_runII_UL/NMSSM_XYH_Y_tautau_H_gg_MX_400_MY_70_STEP1_v1/output_1.root

=============================================

MessageLogger Summary

 type     category        sev    module        subroutine        count    total
 ---- -------------------- -- ---------------- ----------------  -----    -----
    1 fileAction           -s file_close                             1        1
    2 fileAction           -s file_open                              2        2

 type    category    Examples: run/evt        run/evt          run/evt
 ---- -------------------- ---------------- ---------------- ----------------
    1 fileAction           PostGlobalEndRun                  
    2 fileAction           pre-events       pre-events       

Severity    # Occurrences   Total Occurrences
--------    -------------   -----------------
System                  3                   3

dropped waiting message count 0
TimeReport> Time report complete in 207.368 seconds
 Time Summary: 
 - Min event:   10.5922
 - Max event:   27.2497
 - Avg event:   19.2662
 - Total loop:  153.323
 - Total init:  47.4314
 - Total job:   207.368
 - EventSetup Lock:   1.69277e-05
 - EventSetup Get:   8.39058
 Event Throughput: 0.0326109 ev/s
 CPU Summary: 
 - Total loop:  122.373
 - Total init:  11.0436
 - Total extra: 0
 - Total job:   137.41
 Processing Summary: 
 - Number of Events:  5
 - Number of Global Begin Lumi Calls:  1
 - Number of Global Begin Run Calls: 1

Error in <TTreeFormula::Compile>:  Bad numerical expression : "genps_weight"
Command timed out after 7200 seconds!
Command timed out after 7200 seconds!
