WARNING  String '/execute/dir_' in X509_USER_CERT (/condor/condor_local/execute/dir_45442/glide_35127i/hostcert.pem), the conversion to run in Singularity may be incorrect
WARNING  String '/execute/dir_' in X509_USER_KEY (/condor/condor_local/execute/dir_45442/glide_35127i/hostkey.pem), the conversion to run in Singularity may be incorrect
WARNING  String '/execute/dir_' in _CONDOR_EXECUTE (/condor/condor_local/execute/dir_45442/glide_35127i/execute), the conversion to run in Singularity may be incorrect
tar: package.tar.gz: Cannot open: No such file or directory
tar: Error is not recoverable: exiting now
WARNING: In non-interactive mode release checks e.g. deprecated releases, production architectures are disabled.
cp: cannot stat '/srv/CMSSW_10_6_8/src/ZZMatrixElement/MELA/data/slc7_amd64_gcc700/*.so': No such file or directory
WARNING: In non-interactive mode release checks e.g. deprecated releases, production architectures are disabled.
02-Dec-2021 10:59:13 PST  Initiating request to open LHE file cmsgrid_final.lhe
02-Dec-2021 10:59:13 PST  Successfully opened LHE file cmsgrid_final.lhe
%MSG-w LogicError:  Pythia8HadronizerFilter:generator@beginRun  02-Dec-2021 10:59:13 PST Run: 1
::getByLabel: An attempt was made to read a Run product before endRun() was called.
The product is of type 'LHERunInfoProduct'.
The specified ModuleLabel was 'externalLHEProducer'.
The specified productInstanceName was ''.

%MSG
Begin processing the 1st record. Run 1, Event 1, LumiSection 1 on stream 0 at 02-Dec-2021 10:59:19.134 PST
02-Dec-2021 10:59:27 PST  Closed LHE file cmsgrid_final.lhe

------------------------------------
GenXsecAnalyzer:
------------------------------------
-------------------------------------------------------------------------------------------------------------------------------------------------------------------------- 
Overall cross-section summary 
--------------------------------------------------------------------------------------------------------------------------------------------------------------------------
Process		xsec_before [pb]		passed	nposw	nnegw	tried	nposw	nnegw 	xsec_match [pb]			accepted [%]	 event_eff [%]
0		4.172e+18 +/- 6.203e+16		21	21	0	100	100	0	8.762e+17 +/- 1.704e+17		21.0 +/- 4.1	21.0 +/- 4.1
-------------------------------------------------------------------------------------------------------------------------------------------------------------------------- 
Total		4.172e+18 +/- 6.203e+16		21	21	0	100	100	0	8.762e+17 +/- 1.704e+17		21.0 +/- 4.1	21.0 +/- 4.1
--------------------------------------------------------------------------------------------------------------------------------------------------------------------------
Before matching: total cross section = 4.172e+18 +- 6.203e+16 pb
After matching: total cross section = 8.762e+17 +- 1.704e+17 pb
Matching efficiency = 0.2 +/- 0.0   [TO BE USED IN MCM]
HepMC filter efficiency (taking into account weights)= (7.92718e+19) / (8.76162e+19) = 9.048e-01 +- 6.406e-02
HepMC filter efficiency (event-level)= (19) / (21) = 9.048e-01 +- 6.406e-02
Filter efficiency (taking into account weights)= (3.96359e+18) / (3.96359e+18) = 1.000e+00 +- 0.000e+00
Filter efficiency (event-level)= (5) / (5) = 1.000e+00 +- 0.000e+00    [TO BE USED IN MCM]

After filter: final cross section = 7.927e+17 +- 1.641e+17 pb
After filter: final fraction of events with negative weights = 0.000e+00 +- 0.000e+00
After filter: final equivalent lumi for 1M events (1/fb) = 1.261e-15 +- 2.611e-16

=============================================

MessageLogger Summary

 type     category        sev    module        subroutine        count    total
 ---- -------------------- -- ---------------- ----------------  -----    -----
    1 GenXSecAnalyzer      -w GenXSecAnalyzer:                      17       17
    2 LogicError           -w Pythia8Hadronize                       1        1
    3 fileAction           -s ExternalLHEProdu                       2        2
    4 fileAction           -s ExternalLHEProdu                       1        1

 type    category    Examples: run/evt        run/evt          run/evt
 ---- -------------------- ---------------- ---------------- ----------------
    1 GenXSecAnalyzer      PostGlobalEndRun PostGlobalEndRun PostGlobalEndRun
    2 LogicError           Run: 1                            
    3 fileAction           Run: 1           Run: 1           
    4 fileAction           End Run: 1                        

Severity    # Occurrences   Total Occurrences
--------    -------------   -----------------
Warning                18                  18
System                  3                   3

dropped waiting message count 0
TimeReport> Time report complete in 275.266 seconds
 Time Summary: 
 - Min event:   1.11376
 - Max event:   1.93189
 - Avg event:   1.60102
 - Total loop:  152.481
 - Total init:  116.522
 - Total job:   275.266
 - EventSetup Lock:   1.5974e-05
 - EventSetup Get:   0.00829601
 Event Throughput: 0.032791 ev/s
 CPU Summary: 
 - Total loop:  44.1837
 - Total init:  9.9507
 - Total extra: 0
 - Total job:   57.7681
 Processing Summary: 
 - Number of Events:  5
 - Number of Global Begin Lumi Calls:  1
 - Number of Global Begin Run Calls: 1

Error in <TTreeFormula::Compile>:  Bad numerical expression : "genps_weight"
gfal-copy error: 5 (Input/output error) - DESTINATION CHECKSUM Connection Timeout during redirection on https://gftp-14.t2.ucsd.edu:1094/store/user/fsetti/nanoAOD_runII_UL/NMSSM_XYH_Y_tautau_H_gg_MX_400_MY_70_STEP1_v1/output_1.root
Command timed out after 7200 seconds!
Command timed out after 7200 seconds!
